<?xml version="1.0" encoding="UTF-8"?>
<testsuite name="StringRecipeTest" tests="2" skipped="0" failures="0" errors="0" timestamp="2021-12-03T17:39:16" hostname="DESKTOP-OK9QO7I" time="0.053">
  <properties/>
  <testcase name="transformUndo()" classname="StringRecipeTest" time="0.049"/>
  <testcase name="stringRecipe()" classname="StringRecipeTest" time="0.003"/>
  <system-out><![CDATA[]]></system-out>
  <system-err><![CDATA[]]></system-err>
</testsuite>
