<?xml version="1.0" encoding="UTF-8"?>
<testsuite name="HumanClientTest" tests="2" skipped="0" failures="0" errors="0" timestamp="2021-12-08T18:59:15" hostname="DESKTOP-OK9QO7I" time="0.501">
  <properties/>
  <testcase name="removeObserver()" classname="HumanClientTest" time="0.492"/>
  <testcase name="addObserver()" classname="HumanClientTest" time="0.008"/>
  <system-out><![CDATA[]]></system-out>
  <system-err><![CDATA[]]></system-err>
</testsuite>
