<?xml version="1.0" encoding="UTF-8"?>
<testsuite name="StringRecipeTest" tests="2" skipped="0" failures="0" errors="0" timestamp="2021-12-08T16:24:42" hostname="DESKTOP-OK9QO7I" time="0.005">
  <properties/>
  <testcase name="transformUndo()" classname="StringRecipeTest" time="0.002"/>
  <testcase name="stringRecipe()" classname="StringRecipeTest" time="0.002"/>
  <system-out><![CDATA[]]></system-out>
  <system-err><![CDATA[]]></system-err>
</testsuite>
