<?xml version="1.0" encoding="UTF-8"?>
<testsuite name="AlienClientTest" tests="3" skipped="0" failures="0" errors="0" timestamp="2021-12-08T19:54:46" hostname="DESKTOP-OK9QO7I" time="0.026">
  <properties/>
  <testcase name="ferengiStartClosed()" classname="AlienClientTest" time="0.023"/>
  <testcase name="ferengiAlreadyOpened()" classname="AlienClientTest" time="0.001"/>
  <testcase name="romulan()" classname="AlienClientTest" time="0.001"/>
  <system-out><![CDATA[]]></system-out>
  <system-err><![CDATA[]]></system-err>
</testsuite>
