<?xml version="1.0" encoding="UTF-8"?>
<testsuite name="StringTransformerGroupTest" tests="2" skipped="0" failures="0" errors="0" timestamp="2021-12-08T16:24:42" hostname="DESKTOP-OK9QO7I" time="0.003">
  <properties/>
  <testcase name="transformerGroup()" classname="StringTransformerGroupTest" time="0.002"/>
  <testcase name="transformerComposite()" classname="StringTransformerGroupTest" time="0.0"/>
  <system-out><![CDATA[]]></system-out>
  <system-err><![CDATA[]]></system-err>
</testsuite>
