<?xml version="1.0" encoding="UTF-8"?>
<testsuite name="StringDrinkTest" tests="1" skipped="0" failures="0" errors="0" timestamp="2021-12-08T16:24:42" hostname="DESKTOP-OK9QO7I" time="0.0">
  <properties/>
  <testcase name="stringDrink()" classname="StringDrinkTest" time="0.0"/>
  <system-out><![CDATA[]]></system-out>
  <system-err><![CDATA[]]></system-err>
</testsuite>
